c:\users\lenovo\onedrive - dalhousie university\dal stuff\summer 2023\eced 3403\a2\a2\x64\debug\vc143.pdb
c:\users\lenovo\onedrive - dalhousie university\dal stuff\summer 2023\eced 3403\a2\a2\x64\debug\vc143.idb
c:\users\lenovo\onedrive - dalhousie university\dal stuff\summer 2023\eced 3403\a2\a2\x64\debug\userprompt.obj
c:\users\lenovo\onedrive - dalhousie university\dal stuff\summer 2023\eced 3403\a2\a2\x64\debug\stack.obj
c:\users\lenovo\onedrive - dalhousie university\dal stuff\summer 2023\eced 3403\a2\a2\x64\debug\source.obj
c:\users\lenovo\onedrive - dalhousie university\dal stuff\summer 2023\eced 3403\a2\a2\x64\debug\psw.obj
c:\users\lenovo\onedrive - dalhousie university\dal stuff\summer 2023\eced 3403\a2\a2\x64\debug\processrec.obj
c:\users\lenovo\onedrive - dalhousie university\dal stuff\summer 2023\eced 3403\a2\a2\x64\debug\mem.obj
c:\users\lenovo\onedrive - dalhousie university\dal stuff\summer 2023\eced 3403\a2\a2\x64\debug\linkedlist.obj
c:\users\lenovo\onedrive - dalhousie university\dal stuff\summer 2023\eced 3403\a2\a2\x64\debug\execute.obj
c:\users\lenovo\onedrive - dalhousie university\dal stuff\summer 2023\eced 3403\a2\a2\x64\debug\def.obj
c:\users\lenovo\onedrive - dalhousie university\dal stuff\summer 2023\eced 3403\a2\a2\x64\debug\decode.obj
c:\users\lenovo\onedrive - dalhousie university\dal stuff\summer 2023\eced 3403\a2\a2\x64\debug\cache.obj
c:\users\lenovo\onedrive - dalhousie university\dal stuff\summer 2023\eced 3403\a2\a2\x64\debug\a2.ilk
c:\users\lenovo\onedrive - dalhousie university\dal stuff\summer 2023\eced 3403\a2\a2\x64\debug\a2.exe
c:\users\lenovo\onedrive - dalhousie university\dal stuff\summer 2023\eced 3403\a2\a2\x64\debug\a2.pdb
c:\users\lenovo\onedrive - dalhousie university\dal stuff\summer 2023\eced 3403\a2\a2\x64\debug\a2.tlog\cl.command.1.tlog
c:\users\lenovo\onedrive - dalhousie university\dal stuff\summer 2023\eced 3403\a2\a2\x64\debug\a2.tlog\cl.items.tlog
c:\users\lenovo\onedrive - dalhousie university\dal stuff\summer 2023\eced 3403\a2\a2\x64\debug\a2.tlog\cl.read.1.tlog
c:\users\lenovo\onedrive - dalhousie university\dal stuff\summer 2023\eced 3403\a2\a2\x64\debug\a2.tlog\cl.write.1.tlog
c:\users\lenovo\onedrive - dalhousie university\dal stuff\summer 2023\eced 3403\a2\a2\x64\debug\a2.tlog\link.command.1.tlog
c:\users\lenovo\onedrive - dalhousie university\dal stuff\summer 2023\eced 3403\a2\a2\x64\debug\a2.tlog\link.read.1.tlog
c:\users\lenovo\onedrive - dalhousie university\dal stuff\summer 2023\eced 3403\a2\a2\x64\debug\a2.tlog\link.write.1.tlog
